<?xml version="1.0" encoding="UTF-8"?>
<!-- Generated by org.testng.reporters.JUnitReportReporter -->
<testsuite hostname="DESKTOP-62FBVJ9" failures="0" tests="1" name="testing.simplePrint" time="0.010" errors="0" timestamp="2025-02-21T12:32:49 IST" skipped="0">
  <testcase classname="testing.simplePrint" name="add" time="0.010"/>
  <system-out/>
</testsuite> <!-- testing.simplePrint -->
